<?xml version="1.0" encoding="UTF-8"?>
<!-- Generated by org.testng.reporters.JUnitReportReporter -->
<testsuite hostname="diuttm-w7" name="com.vsii.tsc.guru.testcase.Home" tests="1" failures="0" timestamp="17 Mar 2016 09:55:24 GMT" time="5.085" errors="0">
  <testcase name="TC02" time="5.085" classname="com.vsii.tsc.guru.testcase.Home"/>
</testsuite> <!-- com.vsii.tsc.guru.testcase.Home -->
