<?xml version="1.0" encoding="UTF-8"?>
<!-- Generated by org.testng.reporters.JUnitReportReporter -->
<testsuite hostname="diuttm-w7" name="com.vsii.tsc.guru.testcase.ISMS_Project" tests="1" failures="0" timestamp="23 Mar 2016 08:26:39 GMT" time="58.382" errors="0">
  <testcase name="TC09" time="58.382" classname="com.vsii.tsc.guru.testcase.ISMS_Project"/>
</testsuite> <!-- com.vsii.tsc.guru.testcase.ISMS_Project -->
