<?xml version="1.0" encoding="UTF-8"?>
<!-- Generated by org.testng.reporters.JUnitReportReporter -->
<testsuite hostname="diuttm-w7" name="com.vsii.tsc.guru.testcase.ComposeISMS" tests="1" failures="0" timestamp="21 Mar 2016 09:06:15 GMT" time="16.615" errors="0">
  <testcase name="TC05" time="16.615" classname="com.vsii.tsc.guru.testcase.ComposeISMS"/>
</testsuite> <!-- com.vsii.tsc.guru.testcase.ComposeISMS -->
