<?xml version="1.0" encoding="UTF-8"?>
<!-- Generated by org.testng.reporters.JUnitReportReporter -->
<testsuite hostname="diuttm-w7" name="com.vsii.tsc.guru.testcase.Home" tests="3" failures="0" timestamp="21 Mar 2016 08:02:20 GMT" time="44.197" errors="0">
  <testcase name="TC01" time="4.779" classname="com.vsii.tsc.guru.testcase.Home"/>
  <testcase name="TC03" time="18.805" classname="com.vsii.tsc.guru.testcase.Home"/>
  <testcase name="TC02" time="20.613" classname="com.vsii.tsc.guru.testcase.Home"/>
</testsuite> <!-- com.vsii.tsc.guru.testcase.Home -->
