<?xml version="1.0" encoding="UTF-8"?>
<!-- Generated by org.testng.reporters.JUnitReportReporter -->
<testsuite hostname="diuttm-w7" name="com.vsii.tsc.guru.testcase.Home" tests="1" failures="0" timestamp="18 Mar 2016 10:09:09 GMT" time="24.503" errors="0">
  <testcase name="TC03" time="24.503" classname="com.vsii.tsc.guru.testcase.Home"/>
</testsuite> <!-- com.vsii.tsc.guru.testcase.Home -->
