<?xml version="1.0" encoding="UTF-8"?>
<!-- Generated by org.testng.reporters.JUnitReportReporter -->
<testsuite hostname="diuttm-w7" name="com.vsii.tsc.guru.testcase.Home" tests="3" failures="0" timestamp="23 Mar 2016 04:34:17 GMT" time="51.664" errors="0">
  <testcase name="TC02" time="29.447" classname="com.vsii.tsc.guru.testcase.Home"/>
  <testcase name="TC01" time="2.945" classname="com.vsii.tsc.guru.testcase.Home"/>
  <testcase name="TC03" time="19.272" classname="com.vsii.tsc.guru.testcase.Home"/>
</testsuite> <!-- com.vsii.tsc.guru.testcase.Home -->
